<?xml version="1.0" encoding="UTF-8"?>
<coverage generated="1769667587343" clover="3.2.0">
  <project timestamp="1769667587343" name="All files">
    <metrics statements="58" coveredstatements="52" conditionals="13" coveredconditionals="11" methods="14" coveredmethods="12" elements="85" coveredelements="75" complexity="0" loc="58" ncloc="58" packages="1" files="4" classes="4"/>
    <file name="app.js" path="/root/projects/nam/sdd/test-sdd/backend/src/app.js">
      <metrics statements="23" coveredstatements="22" conditionals="0" coveredconditionals="0" methods="4" coveredmethods="4"/>
      <line num="1" count="1" type="stmt"/>
      <line num="2" count="1" type="stmt"/>
      <line num="4" count="1" type="stmt"/>
      <line num="7" count="1" type="stmt"/>
      <line num="8" count="3" type="stmt"/>
      <line num="12" count="1" type="stmt"/>
      <line num="13" count="5" type="stmt"/>
      <line num="14" count="5" type="stmt"/>
      <line num="15" count="5" type="stmt"/>
      <line num="16" count="4" type="stmt"/>
      <line num="18" count="1" type="stmt"/>
      <line num="26" count="1" type="stmt"/>
      <line num="27" count="2" type="stmt"/>
      <line num="28" count="2" type="stmt"/>
      <line num="29" count="2" type="stmt"/>
      <line num="30" count="1" type="stmt"/>
      <line num="32" count="1" type="stmt"/>
      <line num="40" count="1" type="stmt"/>
      <line num="41" count="1" type="stmt"/>
      <line num="42" count="1" type="stmt"/>
      <line num="43" count="1" type="stmt"/>
      <line num="45" count="0" type="stmt"/>
      <line num="52" count="1" type="stmt"/>
    </file>
    <file name="index.js" path="/root/projects/nam/sdd/test-sdd/backend/src/index.js">
      <metrics statements="4" coveredstatements="0" conditionals="2" coveredconditionals="0" methods="1" coveredmethods="0"/>
      <line num="1" count="0" type="stmt"/>
      <line num="3" count="0" type="cond" truecount="0" falsecount="2"/>
      <line num="5" count="0" type="stmt"/>
      <line num="6" count="0" type="stmt"/>
    </file>
    <file name="server.js" path="/root/projects/nam/sdd/test-sdd/backend/src/server.js">
      <metrics statements="10" coveredstatements="9" conditionals="0" coveredconditionals="0" methods="1" coveredmethods="0"/>
      <line num="1" count="1" type="stmt"/>
      <line num="2" count="1" type="stmt"/>
      <line num="3" count="1" type="stmt"/>
      <line num="5" count="1" type="stmt"/>
      <line num="7" count="1" type="stmt"/>
      <line num="8" count="1" type="stmt"/>
      <line num="9" count="1" type="stmt"/>
      <line num="11" count="1" type="stmt"/>
      <line num="12" count="0" type="stmt"/>
      <line num="15" count="1" type="stmt"/>
    </file>
    <file name="todos.js" path="/root/projects/nam/sdd/test-sdd/backend/src/todos.js">
      <metrics statements="21" coveredstatements="21" conditionals="11" coveredconditionals="11" methods="8" coveredmethods="8"/>
      <line num="1" count="2" type="stmt"/>
      <line num="5" count="2" type="stmt"/>
      <line num="9" count="4" type="stmt"/>
      <line num="13" count="6" type="stmt"/>
      <line num="17" count="12" type="cond" truecount="5" falsecount="0"/>
      <line num="18" count="3" type="stmt"/>
      <line num="20" count="9" type="cond" truecount="2" falsecount="0"/>
      <line num="21" count="1" type="stmt"/>
      <line num="24" count="8" type="stmt"/>
      <line num="31" count="8" type="stmt"/>
      <line num="32" count="8" type="stmt"/>
      <line num="36" count="4" type="stmt"/>
      <line num="37" count="4" type="cond" truecount="2" falsecount="0"/>
      <line num="39" count="2" type="stmt"/>
      <line num="40" count="2" type="stmt"/>
      <line num="41" count="2" type="stmt"/>
      <line num="45" count="3" type="stmt"/>
      <line num="46" count="3" type="cond" truecount="2" falsecount="0"/>
      <line num="48" count="2" type="stmt"/>
      <line num="49" count="2" type="stmt"/>
      <line num="53" count="2" type="stmt"/>
    </file>
  </project>
</coverage>
