{"/root/projects/nam/sdd/test-sdd/backend/src/app.js": {"path":"/root/projects/nam/sdd/test-sdd/backend/src/app.js","statementMap":{"0":{"start":{"line":1,"column":16},"end":{"line":1,"column":34}},"1":{"start":{"line":2,"column":14},"end":{"line":2,"column":32}},"2":{"start":{"line":4,"column":15},"end":{"line":4,"column":31}},"3":{"start":{"line":7,"column":0},"end":{"line":9,"column":3}},"4":{"start":{"line":8,"column":2},"end":{"line":8,"column":52}},"5":{"start":{"line":12,"column":0},"end":{"line":23,"column":3}},"6":{"start":{"line":13,"column":2},"end":{"line":22,"column":3}},"7":{"start":{"line":14,"column":22},"end":{"line":14,"column":30}},"8":{"start":{"line":15,"column":17},"end":{"line":15,"column":36}},"9":{"start":{"line":16,"column":4},"end":{"line":16,"column":56}},"10":{"start":{"line":18,"column":4},"end":{"line":21,"column":7}},"11":{"start":{"line":26,"column":0},"end":{"line":37,"column":3}},"12":{"start":{"line":27,"column":2},"end":{"line":36,"column":3}},"13":{"start":{"line":28,"column":26},"end":{"line":28,"column":34}},"14":{"start":{"line":29,"column":17},"end":{"line":29,"column":61}},"15":{"start":{"line":30,"column":4},"end":{"line":30,"column":44}},"16":{"start":{"line":32,"column":4},"end":{"line":35,"column":7}},"17":{"start":{"line":40,"column":0},"end":{"line":50,"column":3}},"18":{"start":{"line":41,"column":2},"end":{"line":49,"column":3}},"19":{"start":{"line":42,"column":4},"end":{"line":42,"column":32}},"20":{"start":{"line":43,"column":4},"end":{"line":43,"column":32}},"21":{"start":{"line":45,"column":4},"end":{"line":48,"column":7}},"22":{"start":{"line":52,"column":0},"end":{"line":52,"column":24}}},"fnMap":{"0":{"name":"(anonymous_0)","decl":{"start":{"line":7,"column":16},"end":{"line":7,"column":17}},"loc":{"start":{"line":7,"column":30},"end":{"line":9,"column":1}},"line":7},"1":{"name":"(anonymous_1)","decl":{"start":{"line":12,"column":17},"end":{"line":12,"column":18}},"loc":{"start":{"line":12,"column":31},"end":{"line":23,"column":1}},"line":12},"2":{"name":"(anonymous_2)","decl":{"start":{"line":26,"column":21},"end":{"line":26,"column":22}},"loc":{"start":{"line":26,"column":35},"end":{"line":37,"column":1}},"line":26},"3":{"name":"(anonymous_3)","decl":{"start":{"line":40,"column":22},"end":{"line":40,"column":23}},"loc":{"start":{"line":40,"column":36},"end":{"line":50,"column":1}},"line":40}},"branchMap":{},"s":{"0":1,"1":1,"2":1,"3":1,"4":3,"5":1,"6":5,"7":5,"8":5,"9":4,"10":1,"11":1,"12":2,"13":2,"14":2,"15":1,"16":1,"17":1,"18":1,"19":1,"20":1,"21":0,"22":1},"f":{"0":3,"1":5,"2":2,"3":1},"b":{},"_coverageSchema":"1a1c01bbd47fc00a2c39e90264f33305004495a9","hash":"ce8a002c761206dc4c1edb491df53daf45ac3ce9"}
,"/root/projects/nam/sdd/test-sdd/backend/src/index.js": {"path":"/root/projects/nam/sdd/test-sdd/backend/src/index.js","statementMap":{"0":{"start":{"line":1,"column":12},"end":{"line":1,"column":31}},"1":{"start":{"line":3,"column":13},"end":{"line":3,"column":37}},"2":{"start":{"line":5,"column":0},"end":{"line":7,"column":3}},"3":{"start":{"line":6,"column":2},"end":{"line":6,"column":60}}},"fnMap":{"0":{"name":"(anonymous_0)","decl":{"start":{"line":5,"column":17},"end":{"line":5,"column":18}},"loc":{"start":{"line":5,"column":23},"end":{"line":7,"column":1}},"line":5}},"branchMap":{"0":{"loc":{"start":{"line":3,"column":13},"end":{"line":3,"column":37}},"type":"binary-expr","locations":[{"start":{"line":3,"column":13},"end":{"line":3,"column":29}},{"start":{"line":3,"column":33},"end":{"line":3,"column":37}}],"line":3}},"s":{"0":0,"1":0,"2":0,"3":0},"f":{"0":0},"b":{"0":[0,0]}}
,"/root/projects/nam/sdd/test-sdd/backend/src/server.js": {"path":"/root/projects/nam/sdd/test-sdd/backend/src/server.js","statementMap":{"0":{"start":{"line":1,"column":16},"end":{"line":1,"column":34}},"1":{"start":{"line":2,"column":13},"end":{"line":2,"column":28}},"2":{"start":{"line":3,"column":19},"end":{"line":3,"column":35}},"3":{"start":{"line":5,"column":12},"end":{"line":5,"column":21}},"4":{"start":{"line":7,"column":0},"end":{"line":7,"column":16}},"5":{"start":{"line":8,"column":0},"end":{"line":8,"column":24}},"6":{"start":{"line":9,"column":0},"end":{"line":9,"column":34}},"7":{"start":{"line":11,"column":0},"end":{"line":13,"column":3}},"8":{"start":{"line":12,"column":2},"end":{"line":12,"column":101}},"9":{"start":{"line":15,"column":0},"end":{"line":15,"column":21}}},"fnMap":{"0":{"name":"(anonymous_0)","decl":{"start":{"line":11,"column":8},"end":{"line":11,"column":9}},"loc":{"start":{"line":11,"column":22},"end":{"line":13,"column":1}},"line":11}},"branchMap":{},"s":{"0":1,"1":1,"2":1,"3":1,"4":1,"5":1,"6":1,"7":1,"8":0,"9":1},"f":{"0":0},"b":{},"_coverageSchema":"1a1c01bbd47fc00a2c39e90264f33305004495a9","hash":"1c5825c33303c4bd865c201a3d1927d37569551d"}
,"/root/projects/nam/sdd/test-sdd/backend/src/todos.js": {"path":"/root/projects/nam/sdd/test-sdd/backend/src/todos.js","statementMap":{"0":{"start":{"line":1,"column":21},"end":{"line":1,"column":36}},"1":{"start":{"line":5,"column":4},"end":{"line":5,"column":20}},"2":{"start":{"line":9,"column":4},"end":{"line":9,"column":27}},"3":{"start":{"line":13,"column":4},"end":{"line":13,"column":45}},"4":{"start":{"line":13,"column":32},"end":{"line":13,"column":43}},"5":{"start":{"line":17,"column":4},"end":{"line":19,"column":5}},"6":{"start":{"line":18,"column":6},"end":{"line":18,"column":40}},"7":{"start":{"line":20,"column":4},"end":{"line":22,"column":5}},"8":{"start":{"line":21,"column":6},"end":{"line":21,"column":40}},"9":{"start":{"line":24,"column":17},"end":{"line":30,"column":5}},"10":{"start":{"line":31,"column":4},"end":{"line":31,"column":26}},"11":{"start":{"line":32,"column":4},"end":{"line":32,"column":16}},"12":{"start":{"line":36,"column":17},"end":{"line":36,"column":33}},"13":{"start":{"line":37,"column":4},"end":{"line":37,"column":49}},"14":{"start":{"line":37,"column":15},"end":{"line":37,"column":49}},"15":{"start":{"line":39,"column":4},"end":{"line":39,"column":40}},"16":{"start":{"line":40,"column":4},"end":{"line":40,"column":46}},"17":{"start":{"line":41,"column":4},"end":{"line":41,"column":16}},"18":{"start":{"line":45,"column":16},"end":{"line":45,"column":54}},"19":{"start":{"line":45,"column":42},"end":{"line":45,"column":53}},"20":{"start":{"line":46,"column":4},"end":{"line":46,"column":54}},"21":{"start":{"line":46,"column":20},"end":{"line":46,"column":54}},"22":{"start":{"line":48,"column":4},"end":{"line":48,"column":30}},"23":{"start":{"line":49,"column":4},"end":{"line":49,"column":16}},"24":{"start":{"line":53,"column":0},"end":{"line":53,"column":33}}},"fnMap":{"0":{"name":"(anonymous_0)","decl":{"start":{"line":4,"column":2},"end":{"line":4,"column":3}},"loc":{"start":{"line":4,"column":16},"end":{"line":6,"column":3}},"line":4},"1":{"name":"(anonymous_1)","decl":{"start":{"line":8,"column":2},"end":{"line":8,"column":3}},"loc":{"start":{"line":8,"column":11},"end":{"line":10,"column":3}},"line":8},"2":{"name":"(anonymous_2)","decl":{"start":{"line":12,"column":2},"end":{"line":12,"column":3}},"loc":{"start":{"line":12,"column":14},"end":{"line":14,"column":3}},"line":12},"3":{"name":"(anonymous_3)","decl":{"start":{"line":13,"column":27},"end":{"line":13,"column":28}},"loc":{"start":{"line":13,"column":32},"end":{"line":13,"column":43}},"line":13},"4":{"name":"(anonymous_4)","decl":{"start":{"line":16,"column":2},"end":{"line":16,"column":3}},"loc":{"start":{"line":16,"column":16},"end":{"line":33,"column":3}},"line":16},"5":{"name":"(anonymous_5)","decl":{"start":{"line":35,"column":2},"end":{"line":35,"column":3}},"loc":{"start":{"line":35,"column":30},"end":{"line":42,"column":3}},"line":35},"6":{"name":"(anonymous_6)","decl":{"start":{"line":44,"column":2},"end":{"line":44,"column":3}},"loc":{"start":{"line":44,"column":13},"end":{"line":50,"column":3}},"line":44},"7":{"name":"(anonymous_7)","decl":{"start":{"line":45,"column":37},"end":{"line":45,"column":38}},"loc":{"start":{"line":45,"column":42},"end":{"line":45,"column":53}},"line":45}},"branchMap":{"0":{"loc":{"start":{"line":17,"column":4},"end":{"line":19,"column":5}},"type":"if","locations":[{"start":{"line":17,"column":4},"end":{"line":19,"column":5}},{"start":{},"end":{}}],"line":17},"1":{"loc":{"start":{"line":17,"column":8},"end":{"line":17,"column":72}},"type":"binary-expr","locations":[{"start":{"line":17,"column":8},"end":{"line":17,"column":14}},{"start":{"line":17,"column":18},"end":{"line":17,"column":43}},{"start":{"line":17,"column":47},"end":{"line":17,"column":72}}],"line":17},"2":{"loc":{"start":{"line":20,"column":4},"end":{"line":22,"column":5}},"type":"if","locations":[{"start":{"line":20,"column":4},"end":{"line":22,"column":5}},{"start":{},"end":{}}],"line":20},"3":{"loc":{"start":{"line":37,"column":4},"end":{"line":37,"column":49}},"type":"if","locations":[{"start":{"line":37,"column":4},"end":{"line":37,"column":49}},{"start":{},"end":{}}],"line":37},"4":{"loc":{"start":{"line":46,"column":4},"end":{"line":46,"column":54}},"type":"if","locations":[{"start":{"line":46,"column":4},"end":{"line":46,"column":54}},{"start":{},"end":{}}],"line":46}},"s":{"0":2,"1":2,"2":4,"3":6,"4":3,"5":12,"6":3,"7":9,"8":1,"9":8,"10":8,"11":8,"12":4,"13":4,"14":2,"15":2,"16":2,"17":2,"18":3,"19":2,"20":3,"21":1,"22":2,"23":2,"24":2},"f":{"0":2,"1":4,"2":6,"3":3,"4":12,"5":4,"6":3,"7":2},"b":{"0":[3,9],"1":[12,9,9],"2":[1,8],"3":[2,2],"4":[1,2]},"_coverageSchema":"1a1c01bbd47fc00a2c39e90264f33305004495a9","hash":"2e1641eda0d1d678140b0269af8cc9450bb654e2"}
}
