TN:
SF:src/app.js
FN:7,(anonymous_0)
FN:12,(anonymous_1)
FN:26,(anonymous_2)
FN:40,(anonymous_3)
FNF:4
FNH:4
FNDA:3,(anonymous_0)
FNDA:5,(anonymous_1)
FNDA:2,(anonymous_2)
FNDA:1,(anonymous_3)
DA:1,1
DA:2,1
DA:4,1
DA:7,1
DA:8,3
DA:12,1
DA:13,5
DA:14,5
DA:15,5
DA:16,4
DA:18,1
DA:26,1
DA:27,2
DA:28,2
DA:29,2
DA:30,1
DA:32,1
DA:40,1
DA:41,1
DA:42,1
DA:43,1
DA:45,0
DA:52,1
LF:23
LH:22
BRF:0
BRH:0
end_of_record
TN:
SF:src/index.js
FN:5,(anonymous_0)
FNF:1
FNH:0
FNDA:0,(anonymous_0)
DA:1,0
DA:3,0
DA:5,0
DA:6,0
LF:4
LH:0
BRDA:3,0,0,0
BRDA:3,0,1,0
BRF:2
BRH:0
end_of_record
TN:
SF:src/server.js
FN:11,(anonymous_0)
FNF:1
FNH:0
FNDA:0,(anonymous_0)
DA:1,1
DA:2,1
DA:3,1
DA:5,1
DA:7,1
DA:8,1
DA:9,1
DA:11,1
DA:12,0
DA:15,1
LF:10
LH:9
BRF:0
BRH:0
end_of_record
TN:
SF:src/todos.js
FN:4,(anonymous_0)
FN:8,(anonymous_1)
FN:12,(anonymous_2)
FN:13,(anonymous_3)
FN:16,(anonymous_4)
FN:35,(anonymous_5)
FN:44,(anonymous_6)
FN:45,(anonymous_7)
FNF:8
FNH:8
FNDA:2,(anonymous_0)
FNDA:4,(anonymous_1)
FNDA:6,(anonymous_2)
FNDA:3,(anonymous_3)
FNDA:12,(anonymous_4)
FNDA:4,(anonymous_5)
FNDA:3,(anonymous_6)
FNDA:2,(anonymous_7)
DA:1,2
DA:5,2
DA:9,4
DA:13,6
DA:17,12
DA:18,3
DA:20,9
DA:21,1
DA:24,8
DA:31,8
DA:32,8
DA:36,4
DA:37,4
DA:39,2
DA:40,2
DA:41,2
DA:45,3
DA:46,3
DA:48,2
DA:49,2
DA:53,2
LF:21
LH:21
BRDA:17,0,0,3
BRDA:17,0,1,9
BRDA:17,1,0,12
BRDA:17,1,1,9
BRDA:17,1,2,9
BRDA:20,2,0,1
BRDA:20,2,1,8
BRDA:37,3,0,2
BRDA:37,3,1,2
BRDA:46,4,0,1
BRDA:46,4,1,2
BRF:11
BRH:11
end_of_record
